
> fluxtrade-frontend@1.0.0 dev
> vite


  VITE v5.4.20  ready in 541 ms

  ➜  Local:   http://localhost:5173/
  ➜  Network: use --host to expose
10:01:28 PM [vite] page reload tailwind.config.js
10:01:42 PM [vite] hmr update /src/index.css
10:02:09 PM [vite] hmr update /src/pages/Home.jsx, /src/index.css
10:02:54 PM [vite] hmr update /src/components/TokenSwap.jsx, /src/index.css
10:04:06 PM [vite] hmr update /src/components/TradeDashboard.jsx, /src/index.css
10:04:30 PM [vite] hmr update /src/components/Navbar.jsx, /src/index.css
10:04:39 PM [vite] hmr update /src/components/Navbar.jsx, /src/index.css
10:07:45 PM [vite] hmr update /src/components/TokenSwap.jsx, /src/index.css
10:08:03 PM [vite] hmr update /src/pages/Home.jsx, /src/index.css
10:08:15 PM [vite] hmr update /src/context/WalletContext.jsx, /src/index.css
10:08:22 PM [vite] hmr update /src/context/WalletContext.jsx, /src/index.css
10:08:35 PM [vite] hmr update /src/context/WalletContext.jsx, /src/index.css
10:08:42 PM [vite] hmr update /src/pages/Home.jsx, /src/index.css
10:08:54 PM [vite] hmr update /src/context/WalletContext.jsx, /src/index.css
10:10:03 PM [vite] hmr update /src/index.css
10:10:18 PM [vite] hmr update /src/index.css
10:29:47 PM [vite] hmr update /src/components/TokenSwap.jsx, /src/index.css
10:29:53 PM [vite] hmr update /src/components/TokenSwap.jsx, /src/index.css
10:30:00 PM [vite] hmr update /src/components/TokenSwap.jsx, /src/index.css
10:30:09 PM [vite] hmr update /src/components/TokenSwap.jsx, /src/index.css
10:30:18 PM [vite] hmr update /src/components/TokenSwap.jsx, /src/index.css
10:30:53 PM [vite] hmr update /src/components/TokenSwap.jsx, /src/index.css
10:31:02 PM [vite] hmr update /src/components/TokenSwap.jsx, /src/index.css
