(node:65723) [MONGOOSE] Warning: Duplicate schema index on {"transactionHash":1} found. This is often due to declaring an index using both "index: true" and "schema.index()". Please remove the duplicate index definition.
(Use `node --trace-warnings ...` to show where the warning was created)
(node:65723) [MONGOOSE] Warning: Duplicate schema index on {"walletAddress":1} found. This is often due to declaring an index using both "index: true" and "schema.index()". Please remove the duplicate index definition.
(node:65723) [MONGOOSE] Warning: Duplicate schema index on {"symbol":1} found. This is often due to declaring an index using both "index: true" and "schema.index()". Please remove the duplicate index definition.
(node:65723) [MONGOOSE] Warning: Duplicate schema index on {"contractAddress":1} found. This is often due to declaring an index using both "index: true" and "schema.index()". Please remove the duplicate index definition.
(node:65723) [MONGODB DRIVER] Warning: useNewUrlParser is a deprecated option: useNewUrlParser has no effect since Node.js Driver version 4.0.0 and will be removed in the next major version
(node:65723) [MONGODB DRIVER] Warning: useUnifiedTopology is a deprecated option: useUnifiedTopology has no effect since Node.js Driver version 4.0.0 and will be removed in the next major version
node:events:485
      throw er; // Unhandled 'error' event
      ^

Error: listen EADDRINUSE: address already in use :::5000
    at Server.setupListenHandle [as _listen2] (node:net:1937:16)
    at listenInCluster (node:net:1994:12)
    at Server.listen (node:net:2099:7)
    at Function.listen (/Users/nabinchapagain/Desktop/FluxTrade/backend/node_modules/express/lib/application.js:635:24)
    at file:///Users/nabinchapagain/Desktop/FluxTrade/backend/server.js:57:5
    at ModuleJob.run (node:internal/modules/esm/module_job:273:25)
    at async onImport.tracePromise.__proto__ (node:internal/modules/esm/loader:600:26)
    at async asyncRunEntryPointWithESMLoader (node:internal/modules/run_main:98:5)
Emitted 'error' event on Server instance at:
    at emitErrorNT (node:net:1973:8)
    at process.processTicksAndRejections (node:internal/process/task_queues:90:21) {
  code: 'EADDRINUSE',
  errno: -48,
  syscall: 'listen',
  address: '::',
  port: 5000
}

Node.js v23.9.0
